{
  "stats": {
    "suites": 197,
    "tests": 190,
    "passes": 186,
    "pending": 0,
    "failures": 4,
    "start": "2022-07-07T15:15:53.092Z",
    "end": "2022-07-07T15:15:54.949Z",
    "duration": 1857,
    "testsRegistered": 190,
    "passPercent": 97.89473684210527,
    "pendingPercent": 0,
    "other": 0,
    "hasOther": false,
    "skipped": 0,
    "hasSkipped": false
  },
  "results": [
    {
      "uuid": "96f3c10f-ea26-4271-a3ec-07c636a7d4d8",
      "title": "",
      "fullFile": "",
      "file": "",
      "beforeHooks": [],
      "afterHooks": [],
      "tests": [],
      "suites": [
        {
          "uuid": "7c2181c3-c4c5-42a0-9279-850c4b9af630",
          "title": "Test CR1 Item",
          "fullFile": "C:\\Users\\Moyne\\Desktop\\polito\\EzWh\\code\\server\\acceptanceTest\\testEzWhAPI.js",
          "file": "\\acceptanceTest\\testEzWhAPI.js",
          "beforeHooks": [],
          "afterHooks": [],
          "tests": [],
          "suites": [
            {
              "uuid": "82928564-3317-4356-bcf1-06d83b188bbe",
              "title": "Removing all Items",
              "fullFile": "C:\\Users\\Moyne\\Desktop\\polito\\EzWh\\code\\server\\acceptanceTest\\testEzWhAPI.js",
              "file": "\\acceptanceTest\\testEzWhAPI.js",
              "beforeHooks": [],
              "afterHooks": [],
              "tests": [
                {
                  "title": "get /api/items/",
                  "fullTitle": "Test CR1 Item Removing all Items get /api/items/",
                  "timedOut": false,
                  "duration": 57,
                  "state": "passed",
                  "speed": "medium",
                  "pass": true,
                  "fail": false,
                  "pending": false,
                  "context": null,
                  "code": "const res = await agent.get('/api/items');\nconsole.log(res.body);\nres.should.have.status(200);\nif(res.body.length !==0) {\n    let res2;\n    for (let i = 0; i< res.body.length; i++){\n        res2 = await\n        agent.delete('/api/items/'+res.body[i].id+'/'+res.body[i].supplierId);\n        res2.should.have.status(204);\n        console.log(\"Deleted \" + res.body[i].id + \" by supplier \"+ res.body[i].supplierId);\n    }\n}",
                  "err": {},
                  "uuid": "913b77c8-6212-48ef-ab2f-2f9e07c8d750",
                  "parentUUID": "82928564-3317-4356-bcf1-06d83b188bbe",
                  "isHook": false,
                  "skipped": false
                }
              ],
              "suites": [],
              "passes": [
                "913b77c8-6212-48ef-ab2f-2f9e07c8d750"
              ],
              "failures": [],
              "pending": [],
              "skipped": [],
              "duration": 57,
              "root": false,
              "rootEmpty": false,
              "_timeout": 30000
            },
            {
              "uuid": "88ef5e95-84d6-4bb9-98b3-21f39831cab0",
              "title": "Get all items",
              "fullFile": "C:\\Users\\Moyne\\Desktop\\polito\\EzWh\\code\\server\\acceptanceTest\\testEzWhAPI.js",
              "file": "\\acceptanceTest\\testEzWhAPI.js",
              "beforeHooks": [],
              "afterHooks": [],
              "tests": [
                {
                  "title": "get /api/items/",
                  "fullTitle": "Test CR1 Item Get all items get /api/items/",
                  "timedOut": false,
                  "duration": 5,
                  "state": "passed",
                  "speed": "fast",
                  "pass": true,
                  "fail": false,
                  "pending": false,
                  "context": null,
                  "code": "agent.get('/api/items')\n.then(function(res){\n    console.log(res.body);\n    res.should.have.status(expCode);\n    res.body.should.be.a('array');\n    res.body.length.should.be.equal(size);\n    done();\n}).catch(err => done(err));",
                  "err": {},
                  "uuid": "b2af5d25-d6f1-4371-b635-f1eec6cf209f",
                  "parentUUID": "88ef5e95-84d6-4bb9-98b3-21f39831cab0",
                  "isHook": false,
                  "skipped": false
                }
              ],
              "suites": [],
              "passes": [
                "b2af5d25-d6f1-4371-b635-f1eec6cf209f"
              ],
              "failures": [],
              "pending": [],
              "skipped": [],
              "duration": 5,
              "root": false,
              "rootEmpty": false,
              "_timeout": 30000
            },
            {
              "uuid": "f865d88a-a372-418b-ac2e-68d95290e35b",
              "title": "removing all skuitems",
              "fullFile": "C:\\Users\\Moyne\\Desktop\\polito\\EzWh\\code\\server\\acceptanceTest\\testEzWhAPI.js",
              "file": "\\acceptanceTest\\testEzWhAPI.js",
              "beforeHooks": [],
              "afterHooks": [],
              "tests": [
                {
                  "title": "Getting SKUitems",
                  "fullTitle": "Test CR1 Item removing all skuitems Getting SKUitems",
                  "timedOut": false,
                  "duration": 24,
                  "state": "passed",
                  "speed": "fast",
                  "pass": true,
                  "fail": false,
                  "pending": false,
                  "context": null,
                  "code": "const res = await agent.get('/api/skuitems');\nconsole.log(res.body);\nres.should.have.status(200);\nif (res.body.length !==0) {\n    let res2;\n    for (let i = 0; i < res.body.length; i++) {\n        res2 = await\n        agent.delete('/api/skuitems/'+res.body[i].RFID);\n        res2.should.have.status(204);\n        console.log(\"Deleted \"+ res.body[i].RFID);\n    }\n}\nconsole.log(\"done!\");",
                  "err": {},
                  "uuid": "42e8a440-aa11-4bb5-a436-1bfc186a8d41",
                  "parentUUID": "f865d88a-a372-418b-ac2e-68d95290e35b",
                  "isHook": false,
                  "skipped": false
                }
              ],
              "suites": [],
              "passes": [
                "42e8a440-aa11-4bb5-a436-1bfc186a8d41"
              ],
              "failures": [],
              "pending": [],
              "skipped": [],
              "duration": 24,
              "root": false,
              "rootEmpty": false,
              "_timeout": 30000
            },
            {
              "uuid": "1b7616e0-f664-4111-a816-5bf37356d1b1",
              "title": "get /api/skuitems",
              "fullFile": "C:\\Users\\Moyne\\Desktop\\polito\\EzWh\\code\\server\\acceptanceTest\\testEzWhAPI.js",
              "file": "\\acceptanceTest\\testEzWhAPI.js",
              "beforeHooks": [],
              "afterHooks": [],
              "tests": [
                {
                  "title": "Getting SKUitems",
                  "fullTitle": "Test CR1 Item get /api/skuitems Getting SKUitems",
                  "timedOut": false,
                  "duration": 4,
                  "state": "passed",
                  "speed": "fast",
                  "pass": true,
                  "fail": false,
                  "pending": false,
                  "context": null,
                  "code": "agent.get('/api/skuitems')\n.then(function (res) {\n    console.log(res.body[0]);\n    res.should.have.status(expCode);\n    res.body.should.be.a('array');\n    res.body.length.should.be.equal(size);\n    let idSKUs = ids.getIdSku();\n    for (let i = 0; i < size; i++) {\n        res.body[i].RFID.should.equal(skuitems[i].RFID);\n        res.body[i].SKUId.should.equal(idSKUs[skuitems[i].SKUId]);\n        res.body[i].DateOfStock.should.equal(skuitems[i].DateOfStock);\n        if(skuitems[i].Available !== undefined){\n            res.body[i].Available.should.equal(skuitems[i].Available);\n            //console.log('null');\n        }\n    }\n    \n    done();                \n}).catch(err=>done(err));",
                  "err": {},
                  "uuid": "b7c59681-d269-47d2-9766-fd7d4084ea02",
                  "parentUUID": "1b7616e0-f664-4111-a816-5bf37356d1b1",
                  "isHook": false,
                  "skipped": false
                }
              ],
              "suites": [],
              "passes": [
                "b7c59681-d269-47d2-9766-fd7d4084ea02"
              ],
              "failures": [],
              "pending": [],
              "skipped": [],
              "duration": 4,
              "root": false,
              "rootEmpty": false,
              "_timeout": 30000
            },
            {
              "uuid": "c551af41-44c0-4252-9f7d-03d159053330",
              "title": "removing all skus",
              "fullFile": "C:\\Users\\Moyne\\Desktop\\polito\\EzWh\\code\\server\\acceptanceTest\\testEzWhAPI.js",
              "file": "\\acceptanceTest\\testEzWhAPI.js",
              "beforeHooks": [],
              "afterHooks": [],
              "tests": [
                {
                  "title": "Getting SKUs",
                  "fullTitle": "Test CR1 Item removing all skus Getting SKUs",
                  "timedOut": false,
                  "duration": 25,
                  "state": "passed",
                  "speed": "fast",
                  "pass": true,
                  "fail": false,
                  "pending": false,
                  "context": null,
                  "code": "const res = await agent.get('/api/skus');\nconsole.log(res.body);\nres.should.have.status(200);\nif (res.body.length !==0) {\n    let res2;\n    for (let i = 0; i < res.body.length; i++) {\n        res2 = await\n        agent.delete('/api/skus/'+res.body[i].id);\n        res2.should.have.status(204);\n        console.log(\"Deleted \"+ res.body[i].id);\n    }\n} \nconsole.log(\"done!\");",
                  "err": {},
                  "uuid": "4a1c723a-d50d-4a46-b831-1e7e6876b454",
                  "parentUUID": "c551af41-44c0-4252-9f7d-03d159053330",
                  "isHook": false,
                  "skipped": false
                }
              ],
              "suites": [],
              "passes": [
                "4a1c723a-d50d-4a46-b831-1e7e6876b454"
              ],
              "failures": [],
              "pending": [],
              "skipped": [],
              "duration": 25,
              "root": false,
              "rootEmpty": false,
              "_timeout": 30000
            },
            {
              "uuid": "fbc5ef03-3a01-45d0-810f-ff42a85ec1ec",
              "title": "get /api/skus",
              "fullFile": "C:\\Users\\Moyne\\Desktop\\polito\\EzWh\\code\\server\\acceptanceTest\\testEzWhAPI.js",
              "file": "\\acceptanceTest\\testEzWhAPI.js",
              "beforeHooks": [],
              "afterHooks": [],
              "tests": [
                {
                  "title": "FR 2.3 -> List all SKUs",
                  "fullTitle": "Test CR1 Item get /api/skus FR 2.3 -> List all SKUs",
                  "timedOut": false,
                  "duration": 5,
                  "state": "passed",
                  "speed": "fast",
                  "pass": true,
                  "fail": false,
                  "pending": false,
                  "context": null,
                  "code": "agent.get('/api/skus')\n.then(function (res) {\n    res.should.have.status(expCode);\n    res.body.should.be.a('array');\n    res.body.length.should.be.eql(size);\n    let id = [];\n    if (size > 0) {\n        for (let i = 0; i < size; i++) {\n            id[i] = res.body[i].id;\n            res.body[i].description.should.equal(sku[i].description);\n            res.body[i].weight.should.equal(sku[i].weight);\n            res.body[i].volume.should.equal(sku[i].volume);\n            res.body[i].notes.should.equal(sku[i].notes);\n            res.body[i].availableQuantity.should.equal(sku[i].availableQuantity);\n            res.body[i].price.should.equal(sku[i].price);\n        }\n        ids.setIdSku(id);\n    }             \n    done();\n}).catch(err=>done(err));",
                  "err": {},
                  "uuid": "7afa545c-f13c-4086-87fc-a914ad20d626",
                  "parentUUID": "fbc5ef03-3a01-45d0-810f-ff42a85ec1ec",
                  "isHook": false,
                  "skipped": false
                }
              ],
              "suites": [],
              "passes": [
                "7afa545c-f13c-4086-87fc-a914ad20d626"
              ],
              "failures": [],
              "pending": [],
              "skipped": [],
              "duration": 5,
              "root": false,
              "rootEmpty": false,
              "_timeout": 30000
            },
            {
              "uuid": "656eb425-c2ba-4f8b-b00c-1102fbbc1adf",
              "title": " Delete all not manager",
              "fullFile": "C:\\Users\\Moyne\\Desktop\\polito\\EzWh\\code\\server\\acceptanceTest\\testEzWhAPI.js",
              "file": "\\acceptanceTest\\testEzWhAPI.js",
              "beforeHooks": [],
              "afterHooks": [],
              "tests": [
                {
                  "title": "Cleaning db user util",
                  "fullTitle": "Test CR1 Item  Delete all not manager Cleaning db user util",
                  "timedOut": false,
                  "duration": 21,
                  "state": "passed",
                  "speed": "fast",
                  "pass": true,
                  "fail": false,
                  "pending": false,
                  "context": null,
                  "code": "const res = await agent.get('/api/users');\nconsole.log(res.body);\nres.should.have.status(200);\nif (res.body.length !==0) {\n    let res2;\n    for(let i=0; i<res.body.length; i++){\n        console.log(res.body[i].email);\n        res2 = await\n        agent.delete('/api/users/'+res.body[i].email+'/'+res.body[i].type);\n        console.log(res2.body);\n        res2.should.have.status(204);\n        console.log(\"Deleted \"+ res.body[i].email);                    \n    }                \n}\nconsole.log(\"done!\");",
                  "err": {},
                  "uuid": "35bd3e33-49b9-4d6c-b72b-1dcd799a45dd",
                  "parentUUID": "656eb425-c2ba-4f8b-b00c-1102fbbc1adf",
                  "isHook": false,
                  "skipped": false
                }
              ],
              "suites": [],
              "passes": [
                "35bd3e33-49b9-4d6c-b72b-1dcd799a45dd"
              ],
              "failures": [],
              "pending": [],
              "skipped": [],
              "duration": 21,
              "root": false,
              "rootEmpty": false,
              "_timeout": 30000
            },
            {
              "uuid": "1d413736-037d-452b-9a97-4fbb913f776a",
              "title": " post /api/newUser",
              "fullFile": "C:\\Users\\Moyne\\Desktop\\polito\\EzWh\\code\\server\\acceptanceTest\\testEzWhAPI.js",
              "file": "\\acceptanceTest\\testEzWhAPI.js",
              "beforeHooks": [],
              "afterHooks": [],
              "tests": [
                {
                  "title": "FR 1.1 a -> Define a new user",
                  "fullTitle": "Test CR1 Item  post /api/newUser FR 1.1 a -> Define a new user",
                  "timedOut": false,
                  "duration": 39,
                  "state": "passed",
                  "speed": "medium",
                  "pass": true,
                  "fail": false,
                  "pending": false,
                  "context": null,
                  "code": "agent.post('/api/newUser')\n.send(myuser)\n.then(function(res){\n    res.should.have.status(expCode);\n    done();\n}).catch(err=>done(err));",
                  "err": {},
                  "uuid": "9e283ced-78e3-48d9-8485-5a496d61e72c",
                  "parentUUID": "1d413736-037d-452b-9a97-4fbb913f776a",
                  "isHook": false,
                  "skipped": false
                }
              ],
              "suites": [],
              "passes": [
                "9e283ced-78e3-48d9-8485-5a496d61e72c"
              ],
              "failures": [],
              "pending": [],
              "skipped": [],
              "duration": 39,
              "root": false,
              "rootEmpty": false,
              "_timeout": 30000
            },
            {
              "uuid": "2be144a9-9496-4ff8-8475-4a5682453c14",
              "title": " post /api/newUser",
              "fullFile": "C:\\Users\\Moyne\\Desktop\\polito\\EzWh\\code\\server\\acceptanceTest\\testEzWhAPI.js",
              "file": "\\acceptanceTest\\testEzWhAPI.js",
              "beforeHooks": [],
              "afterHooks": [],
              "tests": [
                {
                  "title": "FR 1.1 a -> Define a new user",
                  "fullTitle": "Test CR1 Item  post /api/newUser FR 1.1 a -> Define a new user",
                  "timedOut": false,
                  "duration": 24,
                  "state": "passed",
                  "speed": "fast",
                  "pass": true,
                  "fail": false,
                  "pending": false,
                  "context": null,
                  "code": "agent.post('/api/newUser')\n.send(myuser)\n.then(function(res){\n    res.should.have.status(expCode);\n    done();\n}).catch(err=>done(err));",
                  "err": {},
                  "uuid": "4644bb5f-3cbf-4a79-9584-b6e24807e8c7",
                  "parentUUID": "2be144a9-9496-4ff8-8475-4a5682453c14",
                  "isHook": false,
                  "skipped": false
                }
              ],
              "suites": [],
              "passes": [
                "4644bb5f-3cbf-4a79-9584-b6e24807e8c7"
              ],
              "failures": [],
              "pending": [],
              "skipped": [],
              "duration": 24,
              "root": false,
              "rootEmpty": false,
              "_timeout": 30000
            },
            {
              "uuid": "97e30b68-2cd7-479a-bf81-dc4024af013f",
              "title": " get /api/suppliers",
              "fullFile": "C:\\Users\\Moyne\\Desktop\\polito\\EzWh\\code\\server\\acceptanceTest\\testEzWhAPI.js",
              "file": "\\acceptanceTest\\testEzWhAPI.js",
              "beforeHooks": [],
              "afterHooks": [],
              "tests": [
                {
                  "title": " get all suppliers",
                  "fullTitle": "Test CR1 Item  get /api/suppliers  get all suppliers",
                  "timedOut": false,
                  "duration": 5,
                  "state": "passed",
                  "speed": "fast",
                  "pass": true,
                  "fail": false,
                  "pending": false,
                  "context": null,
                  "code": "let idsupp = [];\nagent.get('/api/suppliers')\n.then(function(res){\n    for(let i=0; i<res.body.length; i++){\n        idsupp[i] = res.body[i].id;\n    }\n    ids.setIdSuppliers(idsupp);\n    //console.log(res.body);\n    done();\n}).catch(err=>done(err));",
                  "err": {},
                  "uuid": "a6ee0b15-a596-4cc2-9fe1-98ace261ccf2",
                  "parentUUID": "97e30b68-2cd7-479a-bf81-dc4024af013f",
                  "isHook": false,
                  "skipped": false
                }
              ],
              "suites": [],
              "passes": [
                "a6ee0b15-a596-4cc2-9fe1-98ace261ccf2"
              ],
              "failures": [],
              "pending": [],
              "skipped": [],
              "duration": 5,
              "root": false,
              "rootEmpty": false,
              "_timeout": 30000
            },
            {
              "uuid": "edc60bd4-684a-4516-b0b7-4a0094f02fd1",
              "title": "post /api/sku/",
              "fullFile": "C:\\Users\\Moyne\\Desktop\\polito\\EzWh\\code\\server\\acceptanceTest\\testEzWhAPI.js",
              "file": "\\acceptanceTest\\testEzWhAPI.js",
              "beforeHooks": [],
              "afterHooks": [],
              "tests": [
                {
                  "title": "FR 2.1 a -> Define a new SKU",
                  "fullTitle": "Test CR1 Item post /api/sku/ FR 2.1 a -> Define a new SKU",
                  "timedOut": false,
                  "duration": 9,
                  "state": "passed",
                  "speed": "fast",
                  "pass": true,
                  "fail": false,
                  "pending": false,
                  "context": null,
                  "code": "agent.post('/api/sku/')\n.send(thesku)\n.then(function (res) {\n    res.should.have.status(expCode);\n    done();\n}).catch(err=>done(err));",
                  "err": {},
                  "uuid": "45d977b5-6f6b-44c3-935d-e25302329649",
                  "parentUUID": "edc60bd4-684a-4516-b0b7-4a0094f02fd1",
                  "isHook": false,
                  "skipped": false
                }
              ],
              "suites": [],
              "passes": [
                "45d977b5-6f6b-44c3-935d-e25302329649"
              ],
              "failures": [],
              "pending": [],
              "skipped": [],
              "duration": 9,
              "root": false,
              "rootEmpty": false,
              "_timeout": 30000
            },
            {
              "uuid": "25ff64c1-2417-48cc-a64c-c2adb0fd47fd",
              "title": "post /api/sku/",
              "fullFile": "C:\\Users\\Moyne\\Desktop\\polito\\EzWh\\code\\server\\acceptanceTest\\testEzWhAPI.js",
              "file": "\\acceptanceTest\\testEzWhAPI.js",
              "beforeHooks": [],
              "afterHooks": [],
              "tests": [
                {
                  "title": "FR 2.1 a -> Define a new SKU",
                  "fullTitle": "Test CR1 Item post /api/sku/ FR 2.1 a -> Define a new SKU",
                  "timedOut": false,
                  "duration": 14,
                  "state": "passed",
                  "speed": "fast",
                  "pass": true,
                  "fail": false,
                  "pending": false,
                  "context": null,
                  "code": "agent.post('/api/sku/')\n.send(thesku)\n.then(function (res) {\n    res.should.have.status(expCode);\n    done();\n}).catch(err=>done(err));",
                  "err": {},
                  "uuid": "e7761a94-48ee-491e-bbff-c9a71bf1e37c",
                  "parentUUID": "25ff64c1-2417-48cc-a64c-c2adb0fd47fd",
                  "isHook": false,
                  "skipped": false
                }
              ],
              "suites": [],
              "passes": [
                "e7761a94-48ee-491e-bbff-c9a71bf1e37c"
              ],
              "failures": [],
              "pending": [],
              "skipped": [],
              "duration": 14,
              "root": false,
              "rootEmpty": false,
              "_timeout": 30000
            },
            {
              "uuid": "381306ae-6542-4487-9247-f5b62e6f51e0",
              "title": "get /api/skus",
              "fullFile": "C:\\Users\\Moyne\\Desktop\\polito\\EzWh\\code\\server\\acceptanceTest\\testEzWhAPI.js",
              "file": "\\acceptanceTest\\testEzWhAPI.js",
              "beforeHooks": [],
              "afterHooks": [],
              "tests": [
                {
                  "title": "FR 2.3 -> List all SKUs",
                  "fullTitle": "Test CR1 Item get /api/skus FR 2.3 -> List all SKUs",
                  "timedOut": false,
                  "duration": 3,
                  "state": "passed",
                  "speed": "fast",
                  "pass": true,
                  "fail": false,
                  "pending": false,
                  "context": null,
                  "code": "agent.get('/api/skus')\n.then(function (res) {\n    res.should.have.status(expCode);\n    res.body.should.be.a('array');\n    res.body.length.should.be.eql(size);\n    let id = [];\n    if (size > 0) {\n        for (let i = 0; i < size; i++) {\n            id[i] = res.body[i].id;\n            res.body[i].description.should.equal(sku[i].description);\n            res.body[i].weight.should.equal(sku[i].weight);\n            res.body[i].volume.should.equal(sku[i].volume);\n            res.body[i].notes.should.equal(sku[i].notes);\n            res.body[i].availableQuantity.should.equal(sku[i].availableQuantity);\n            res.body[i].price.should.equal(sku[i].price);\n        }\n        ids.setIdSku(id);\n    }             \n    done();\n}).catch(err=>done(err));",
                  "err": {},
                  "uuid": "dc160139-5ce6-40cb-9efe-9aeb3715ef5b",
                  "parentUUID": "381306ae-6542-4487-9247-f5b62e6f51e0",
                  "isHook": false,
                  "skipped": false
                }
              ],
              "suites": [],
              "passes": [
                "dc160139-5ce6-40cb-9efe-9aeb3715ef5b"
              ],
              "failures": [],
              "pending": [],
              "skipped": [],
              "duration": 3,
              "root": false,
              "rootEmpty": false,
              "_timeout": 30000
            },
            {
              "uuid": "fd428d38-22aa-4505-8b20-95061a939f78",
              "title": "post /api/item/",
              "fullFile": "C:\\Users\\Moyne\\Desktop\\polito\\EzWh\\code\\server\\acceptanceTest\\testEzWhAPI.js",
              "file": "\\acceptanceTest\\testEzWhAPI.js",
              "beforeHooks": [],
              "afterHooks": [],
              "tests": [
                {
                  "title": "Adding item details",
                  "fullTitle": "Test CR1 Item post /api/item/ Adding item details",
                  "timedOut": false,
                  "duration": 19,
                  "state": "passed",
                  "speed": "fast",
                  "pass": true,
                  "fail": false,
                  "pending": false,
                  "context": null,
                  "code": "let idskus = ids.getIdSku();\nlet idsupp = ids.getIdSuppliers();\nlet currskuid;\nif(myitem.SKUId === null || myitem.SKUId > idskus.length){\n    currskuid = myitem.SKUId;\n}\nelse{\n    currskuid = idskus[myitem.SKUId]\n}\nlet currentItem = newItem(myitem.id, myitem.description, myitem.price, currskuid, idsupp[myitem.supplierId]);\nagent.post('/api/item')\n.send(currentItem)\n.then(res => {\n    //console.log(res);\n    assert.equal(res.status, expCode);\n    done();\n}).catch(err => done(err));",
                  "err": {},
                  "uuid": "9e7eb1f9-0a83-41fa-83f0-6420a0449eac",
                  "parentUUID": "fd428d38-22aa-4505-8b20-95061a939f78",
                  "isHook": false,
                  "skipped": false
                }
              ],
              "suites": [],
              "passes": [
                "9e7eb1f9-0a83-41fa-83f0-6420a0449eac"
              ],
              "failures": [],
              "pending": [],
              "skipped": [],
              "duration": 19,
              "root": false,
              "rootEmpty": false,
              "_timeout": 30000
            },
            {
              "uuid": "7b252877-1196-4872-aa6b-09e3648a2862",
              "title": "post /api/item/",
              "fullFile": "C:\\Users\\Moyne\\Desktop\\polito\\EzWh\\code\\server\\acceptanceTest\\testEzWhAPI.js",
              "file": "\\acceptanceTest\\testEzWhAPI.js",
              "beforeHooks": [],
              "afterHooks": [],
              "tests": [
                {
                  "title": "Adding item details",
                  "fullTitle": "Test CR1 Item post /api/item/ Adding item details",
                  "timedOut": false,
                  "duration": 8,
                  "state": "passed",
                  "speed": "fast",
                  "pass": true,
                  "fail": false,
                  "pending": false,
                  "context": null,
                  "code": "let idskus = ids.getIdSku();\nlet idsupp = ids.getIdSuppliers();\nlet currskuid;\nif(myitem.SKUId === null || myitem.SKUId > idskus.length){\n    currskuid = myitem.SKUId;\n}\nelse{\n    currskuid = idskus[myitem.SKUId]\n}\nlet currentItem = newItem(myitem.id, myitem.description, myitem.price, currskuid, idsupp[myitem.supplierId]);\nagent.post('/api/item')\n.send(currentItem)\n.then(res => {\n    //console.log(res);\n    assert.equal(res.status, expCode);\n    done();\n}).catch(err => done(err));",
                  "err": {},
                  "uuid": "3369d71e-1243-4003-b79c-8583502c0f28",
                  "parentUUID": "7b252877-1196-4872-aa6b-09e3648a2862",
                  "isHook": false,
                  "skipped": false
                }
              ],
              "suites": [],
              "passes": [
                "3369d71e-1243-4003-b79c-8583502c0f28"
              ],
              "failures": [],
              "pending": [],
              "skipped": [],
              "duration": 8,
              "root": false,
              "rootEmpty": false,
              "_timeout": 30000
            },
            {
              "uuid": "a5291bd0-f128-411d-a719-efd5bf4327e0",
              "title": "Get all items",
              "fullFile": "C:\\Users\\Moyne\\Desktop\\polito\\EzWh\\code\\server\\acceptanceTest\\testEzWhAPI.js",
              "file": "\\acceptanceTest\\testEzWhAPI.js",
              "beforeHooks": [],
              "afterHooks": [],
              "tests": [
                {
                  "title": "get /api/items/",
                  "fullTitle": "Test CR1 Item Get all items get /api/items/",
                  "timedOut": false,
                  "duration": 4,
                  "state": "passed",
                  "speed": "fast",
                  "pass": true,
                  "fail": false,
                  "pending": false,
                  "context": null,
                  "code": "agent.get('/api/items')\n.then(function(res){\n    console.log(res.body);\n    res.should.have.status(expCode);\n    res.body.should.be.a('array');\n    res.body.length.should.be.equal(size);\n    done();\n}).catch(err => done(err));",
                  "err": {},
                  "uuid": "8182be6b-5dd2-450d-a80d-01e8650628e0",
                  "parentUUID": "a5291bd0-f128-411d-a719-efd5bf4327e0",
                  "isHook": false,
                  "skipped": false
                }
              ],
              "suites": [],
              "passes": [
                "8182be6b-5dd2-450d-a80d-01e8650628e0"
              ],
              "failures": [],
              "pending": [],
              "skipped": [],
              "duration": 4,
              "root": false,
              "rootEmpty": false,
              "_timeout": 30000
            },
            {
              "uuid": "d3a42668-05ea-48b4-ba61-941397bcbe57",
              "title": "get /api/items/:id",
              "fullFile": "C:\\Users\\Moyne\\Desktop\\polito\\EzWh\\code\\server\\acceptanceTest\\testEzWhAPI.js",
              "file": "\\acceptanceTest\\testEzWhAPI.js",
              "beforeHooks": [],
              "afterHooks": [],
              "tests": [
                {
                  "title": "Gettim item details",
                  "fullTitle": "Test CR1 Item get /api/items/:id Gettim item details",
                  "timedOut": false,
                  "duration": 5,
                  "state": "passed",
                  "speed": "fast",
                  "pass": true,
                  "fail": false,
                  "pending": false,
                  "context": null,
                  "code": "let idsupp = ids.getIdSuppliers();\nagent.get('/api/items/'+itemid+'/'+idsupp[myexpitem.supplierId])\n.then(r => {\n    let idskus = ids.getIdSku();\n    assert.equal(r.status, expCode);\n    if (r.status == 200) {\n        r.body.should.be.a('object');\n        r.body.id.should.equal(itemid);\n        r.body.description.should.equal(myexpitem.description);\n        r.body.price.should.equal(myexpitem.price);\n        r.body.SKUId.should.equal(idskus[myexpitem.SKUId]);\n        r.body.supplierId.should.equal(idsupp[myexpitem.supplierId]);\n    }\n    done();\n}).catch(err => done(err));",
                  "err": {},
                  "uuid": "011c2d00-cf53-460d-be47-de134852c91c",
                  "parentUUID": "d3a42668-05ea-48b4-ba61-941397bcbe57",
                  "isHook": false,
                  "skipped": false
                }
              ],
              "suites": [],
              "passes": [
                "011c2d00-cf53-460d-be47-de134852c91c"
              ],
              "failures": [],
              "pending": [],
              "skipped": [],
              "duration": 5,
              "root": false,
              "rootEmpty": false,
              "_timeout": 30000
            },
            {
              "uuid": "d853b872-7c0c-42a0-9418-8ec09f1e6dac",
              "title": "get /api/items/:id",
              "fullFile": "C:\\Users\\Moyne\\Desktop\\polito\\EzWh\\code\\server\\acceptanceTest\\testEzWhAPI.js",
              "file": "\\acceptanceTest\\testEzWhAPI.js",
              "beforeHooks": [],
              "afterHooks": [],
              "tests": [
                {
                  "title": "Gettim item details",
                  "fullTitle": "Test CR1 Item get /api/items/:id Gettim item details",
                  "timedOut": false,
                  "duration": 4,
                  "state": "passed",
                  "speed": "fast",
                  "pass": true,
                  "fail": false,
                  "pending": false,
                  "context": null,
                  "code": "let idsupp = ids.getIdSuppliers();\nagent.get('/api/items/'+wrongid+'/'+idsupp[myexpitem.supplierId])\n.then(r => {\n    assert.equal(r.status, expCode);\n    done();\n}).catch(err => done(err));",
                  "err": {},
                  "uuid": "e3782d68-29b7-4ee4-856d-2ff123f30781",
                  "parentUUID": "d853b872-7c0c-42a0-9418-8ec09f1e6dac",
                  "isHook": false,
                  "skipped": false
                }
              ],
              "suites": [],
              "passes": [
                "e3782d68-29b7-4ee4-856d-2ff123f30781"
              ],
              "failures": [],
              "pending": [],
              "skipped": [],
              "duration": 4,
              "root": false,
              "rootEmpty": false,
              "_timeout": 30000
            },
            {
              "uuid": "78bc71da-2bdf-492a-b918-f0e66b51a3fa",
              "title": " put /api/item/:id",
              "fullFile": "C:\\Users\\Moyne\\Desktop\\polito\\EzWh\\code\\server\\acceptanceTest\\testEzWhAPI.js",
              "file": "\\acceptanceTest\\testEzWhAPI.js",
              "beforeHooks": [],
              "afterHooks": [],
              "tests": [
                {
                  "title": "Modify an item given its ID and new fields",
                  "fullTitle": "Test CR1 Item  put /api/item/:id Modify an item given its ID and new fields",
                  "timedOut": false,
                  "duration": 9,
                  "state": "passed",
                  "speed": "fast",
                  "pass": true,
                  "fail": false,
                  "pending": false,
                  "context": null,
                  "code": "let idsupp = ids.getIdSuppliers();\nagent.put('/api/item/'+myedititem.id+'/'+idsupp[myedititem.supplierId])\n.send(updateItem(myedititem.description, myedititem.price))\n.then(res => {\n    if(expCode != 404){\n        let idsku = ids.getIdSku();\n        assert.equal(res.status, expCode);\n        agent.get('/api/items/'+myedititem.id+'/'+idsupp[myedititem.supplierId])\n        .then (r => {\n            console.log(r.body);\n            assert.equal(r.status,200);\n            r.body.should.be.a('object');\n            r.body.id.should.equal(myedititem.id);\n            r.body.description.should.equal(myedititem.description);\n            r.body.price.should.equal(myedititem.price);\n            r.body.SKUId.should.equal(idsku[myedititem.SKUId]);\n            r.body.supplierId.should.equal(idsupp[myexpitem.supplierId]);\n        });\n    }\n    else{\n        res.should.have.status(expCode);\n    }\n    done();\n}).catch(err=>done(err));",
                  "err": {},
                  "uuid": "b514988c-e472-4b9b-99ac-28dd82e4bdaf",
                  "parentUUID": "78bc71da-2bdf-492a-b918-f0e66b51a3fa",
                  "isHook": false,
                  "skipped": false
                }
              ],
              "suites": [],
              "passes": [
                "b514988c-e472-4b9b-99ac-28dd82e4bdaf"
              ],
              "failures": [],
              "pending": [],
              "skipped": [],
              "duration": 9,
              "root": false,
              "rootEmpty": false,
              "_timeout": 30000
            },
            {
              "uuid": "a66f3dbf-29a0-4ea4-bbe6-90603c0bd9a4",
              "title": " put /api/item/:id",
              "fullFile": "C:\\Users\\Moyne\\Desktop\\polito\\EzWh\\code\\server\\acceptanceTest\\testEzWhAPI.js",
              "file": "\\acceptanceTest\\testEzWhAPI.js",
              "beforeHooks": [],
              "afterHooks": [],
              "tests": [
                {
                  "title": "Modify an item given its ID and new fields",
                  "fullTitle": "Test CR1 Item  put /api/item/:id Modify an item given its ID and new fields",
                  "timedOut": false,
                  "duration": 8,
                  "state": "passed",
                  "speed": "fast",
                  "pass": true,
                  "fail": false,
                  "pending": false,
                  "context": null,
                  "code": "let idsupp = ids.getIdSuppliers();\nagent.put('/api/item/'+myedititem.id+'/'+idsupp[myedititem.supplierId])\n.send(updateItem(myedititem.description, myedititem.price))\n.then(res => {\n    if(expCode != 404){\n        let idsku = ids.getIdSku();\n        assert.equal(res.status, expCode);\n        agent.get('/api/items/'+myedititem.id+'/'+idsupp[myedititem.supplierId])\n        .then (r => {\n            console.log(r.body);\n            assert.equal(r.status,200);\n            r.body.should.be.a('object');\n            r.body.id.should.equal(myedititem.id);\n            r.body.description.should.equal(myedititem.description);\n            r.body.price.should.equal(myedititem.price);\n            r.body.SKUId.should.equal(idsku[myedititem.SKUId]);\n            r.body.supplierId.should.equal(idsupp[myexpitem.supplierId]);\n        });\n    }\n    else{\n        res.should.have.status(expCode);\n    }\n    done();\n}).catch(err=>done(err));",
                  "err": {},
                  "uuid": "6347a098-2bc9-42da-a256-1a86560f230d",
                  "parentUUID": "a66f3dbf-29a0-4ea4-bbe6-90603c0bd9a4",
                  "isHook": false,
                  "skipped": false
                }
              ],
              "suites": [],
              "passes": [
                "6347a098-2bc9-42da-a256-1a86560f230d"
              ],
              "failures": [],
              "pending": [],
              "skipped": [],
              "duration": 8,
              "root": false,
              "rootEmpty": false,
              "_timeout": 30000
            },
            {
              "uuid": "d665edbd-9570-45d6-bd3b-be310b08b8cd",
              "title": " delete /api/items/:id",
              "fullFile": "C:\\Users\\Moyne\\Desktop\\polito\\EzWh\\code\\server\\acceptanceTest\\testEzWhAPI.js",
              "file": "\\acceptanceTest\\testEzWhAPI.js",
              "beforeHooks": [],
              "afterHooks": [],
              "tests": [
                {
                  "title": "Delete an item given its id",
                  "fullTitle": "Test CR1 Item  delete /api/items/:id Delete an item given its id",
                  "timedOut": false,
                  "duration": 9,
                  "state": "passed",
                  "speed": "fast",
                  "pass": true,
                  "fail": false,
                  "pending": false,
                  "context": null,
                  "code": "let idsupp = ids.getIdSuppliers();\nagent.delete('/api/items/'+myitem.id+'/'+idsupp[myitem.supplierId])\n.then(function(res){\n    res.should.have.status(expCode);\n    done();\n}).catch(err => done(err));",
                  "err": {},
                  "uuid": "7fe57601-e0a9-4220-b163-dcdb6d257029",
                  "parentUUID": "d665edbd-9570-45d6-bd3b-be310b08b8cd",
                  "isHook": false,
                  "skipped": false
                }
              ],
              "suites": [],
              "passes": [
                "7fe57601-e0a9-4220-b163-dcdb6d257029"
              ],
              "failures": [],
              "pending": [],
              "skipped": [],
              "duration": 9,
              "root": false,
              "rootEmpty": false,
              "_timeout": 30000
            },
            {
              "uuid": "edc3047f-3da7-4f4c-a5db-116489d8d60e",
              "title": "Removing all Items",
              "fullFile": "C:\\Users\\Moyne\\Desktop\\polito\\EzWh\\code\\server\\acceptanceTest\\testEzWhAPI.js",
              "file": "\\acceptanceTest\\testEzWhAPI.js",
              "beforeHooks": [],
              "afterHooks": [],
              "tests": [
                {
                  "title": "get /api/items/",
                  "fullTitle": "Test CR1 Item Removing all Items get /api/items/",
                  "timedOut": false,
                  "duration": 3,
                  "state": "passed",
                  "speed": "fast",
                  "pass": true,
                  "fail": false,
                  "pending": false,
                  "context": null,
                  "code": "const res = await agent.get('/api/items');\nconsole.log(res.body);\nres.should.have.status(200);\nif(res.body.length !==0) {\n    let res2;\n    for (let i = 0; i< res.body.length; i++){\n        res2 = await\n        agent.delete('/api/items/'+res.body[i].id+'/'+res.body[i].supplierId);\n        res2.should.have.status(204);\n        console.log(\"Deleted \" + res.body[i].id + \" by supplier \"+ res.body[i].supplierId);\n    }\n}",
                  "err": {},
                  "uuid": "9eb27eca-a1b1-408f-8795-d4b76c755367",
                  "parentUUID": "edc3047f-3da7-4f4c-a5db-116489d8d60e",
                  "isHook": false,
                  "skipped": false
                }
              ],
              "suites": [],
              "passes": [
                "9eb27eca-a1b1-408f-8795-d4b76c755367"
              ],
              "failures": [],
              "pending": [],
              "skipped": [],
              "duration": 3,
              "root": false,
              "rootEmpty": false,
              "_timeout": 30000
            },
            {
              "uuid": "3bdaa9ab-16bd-46e7-8b1c-5b6feee4b0ef",
              "title": "removing all skuitems",
              "fullFile": "C:\\Users\\Moyne\\Desktop\\polito\\EzWh\\code\\server\\acceptanceTest\\testEzWhAPI.js",
              "file": "\\acceptanceTest\\testEzWhAPI.js",
              "beforeHooks": [],
              "afterHooks": [],
              "tests": [
                {
                  "title": "Getting SKUitems",
                  "fullTitle": "Test CR1 Item removing all skuitems Getting SKUitems",
                  "timedOut": false,
                  "duration": 4,
                  "state": "passed",
                  "speed": "fast",
                  "pass": true,
                  "fail": false,
                  "pending": false,
                  "context": null,
                  "code": "const res = await agent.get('/api/skuitems');\nconsole.log(res.body);\nres.should.have.status(200);\nif (res.body.length !==0) {\n    let res2;\n    for (let i = 0; i < res.body.length; i++) {\n        res2 = await\n        agent.delete('/api/skuitems/'+res.body[i].RFID);\n        res2.should.have.status(204);\n        console.log(\"Deleted \"+ res.body[i].RFID);\n    }\n}\nconsole.log(\"done!\");",
                  "err": {},
                  "uuid": "bd8afaa1-593b-400e-857d-c82fb86ac1a2",
                  "parentUUID": "3bdaa9ab-16bd-46e7-8b1c-5b6feee4b0ef",
                  "isHook": false,
                  "skipped": false
                }
              ],
              "suites": [],
              "passes": [
                "bd8afaa1-593b-400e-857d-c82fb86ac1a2"
              ],
              "failures": [],
              "pending": [],
              "skipped": [],
              "duration": 4,
              "root": false,
              "rootEmpty": false,
              "_timeout": 30000
            },
            {
              "uuid": "a3d0da90-f43c-4476-ad19-4ddb6fe8f230",
              "title": "removing all skus",
              "fullFile": "C:\\Users\\Moyne\\Desktop\\polito\\EzWh\\code\\server\\acceptanceTest\\testEzWhAPI.js",
              "file": "\\acceptanceTest\\testEzWhAPI.js",
              "beforeHooks": [],
              "afterHooks": [],
              "tests": [
                {
                  "title": "Getting SKUs",
                  "fullTitle": "Test CR1 Item removing all skus Getting SKUs",
                  "timedOut": false,
                  "duration": 19,
                  "state": "passed",
                  "speed": "fast",
                  "pass": true,
                  "fail": false,
                  "pending": false,
                  "context": null,
                  "code": "const res = await agent.get('/api/skus');\nconsole.log(res.body);\nres.should.have.status(200);\nif (res.body.length !==0) {\n    let res2;\n    for (let i = 0; i < res.body.length; i++) {\n        res2 = await\n        agent.delete('/api/skus/'+res.body[i].id);\n        res2.should.have.status(204);\n        console.log(\"Deleted \"+ res.body[i].id);\n    }\n} \nconsole.log(\"done!\");",
                  "err": {},
                  "uuid": "2e0872d7-2db0-4f87-8bec-0373587927fa",
                  "parentUUID": "a3d0da90-f43c-4476-ad19-4ddb6fe8f230",
                  "isHook": false,
                  "skipped": false
                }
              ],
              "suites": [],
              "passes": [
                "2e0872d7-2db0-4f87-8bec-0373587927fa"
              ],
              "failures": [],
              "pending": [],
              "skipped": [],
              "duration": 19,
              "root": false,
              "rootEmpty": false,
              "_timeout": 30000
            }
          ],
          "passes": [],
          "failures": [],
          "pending": [],
          "skipped": [],
          "duration": 0,
          "root": false,
          "rootEmpty": false,
          "_timeout": 30000
        },
        {
          "uuid": "fedad1c9-d756-46a1-aed8-fd29cc326e71",
          "title": "Test CR1 RestockOrder",
          "fullFile": "C:\\Users\\Moyne\\Desktop\\polito\\EzWh\\code\\server\\acceptanceTest\\testEzWhAPI.js",
          "file": "\\acceptanceTest\\testEzWhAPI.js",
          "beforeHooks": [],
          "afterHooks": [],
          "tests": [],
          "suites": [
            {
              "uuid": "8f4e9845-3229-4f32-8993-48a4255c5ad6",
              "title": "Removing all Restock orders",
              "fullFile": "C:\\Users\\Moyne\\Desktop\\polito\\EzWh\\code\\server\\acceptanceTest\\testEzWhAPI.js",
              "file": "\\acceptanceTest\\testEzWhAPI.js",
              "beforeHooks": [],
              "afterHooks": [],
              "tests": [
                {
                  "title": "Getting and removing",
                  "fullTitle": "Test CR1 RestockOrder Removing all Restock orders Getting and removing",
                  "timedOut": false,
                  "duration": 20,
                  "state": "passed",
                  "speed": "fast",
                  "pass": true,
                  "fail": false,
                  "pending": false,
                  "context": null,
                  "code": "const res = await agent.get('/api/restockOrders');\nconsole.log(res.body);\nres.should.have.status(200);\nif(res.body.length !==0){\n    let res2;\n    for( let i=0; i< res.body.length; i++){\n        res2 = await\n        agent.delete('/api/restockOrder/'+res.body[i].id);\n        res2.should.have.status(204);\n        console.log(\"Deleted \"+ res.body[i].id);\n    }\n}\nconsole.log(\"done!\");",
                  "err": {},
                  "uuid": "2e8ea161-c444-4f5c-891b-7364eaa94275",
                  "parentUUID": "8f4e9845-3229-4f32-8993-48a4255c5ad6",
                  "isHook": false,
                  "skipped": false
                }
              ],
              "suites": [],
              "passes": [
                "2e8ea161-c444-4f5c-891b-7364eaa94275"
              ],
              "failures": [],
              "pending": [],
              "skipped": [],
              "duration": 20,
              "root": false,
              "rootEmpty": false,
              "_timeout": 30000
            },
            {
              "uuid": "2ba27715-b110-472a-b290-7c784a3af576",
              "title": " get /api/restockOrders",
              "fullFile": "C:\\Users\\Moyne\\Desktop\\polito\\EzWh\\code\\server\\acceptanceTest\\testEzWhAPI.js",
              "file": "\\acceptanceTest\\testEzWhAPI.js",
              "beforeHooks": [],
              "afterHooks": [],
              "tests": [
                {
                  "title": " get all restock orders",
                  "fullTitle": "Test CR1 RestockOrder  get /api/restockOrders  get all restock orders",
                  "timedOut": false,
                  "duration": 3,
                  "state": "passed",
                  "speed": "fast",
                  "pass": true,
                  "fail": false,
                  "pending": false,
                  "context": null,
                  "code": "agent.get('/api/restockOrders')\n.then(function(res){\n    res.should.have.status(expCode);\n    res.body.should.be.a('array');\n    let idsupp = ids.getIdSuppliers();\n    let idskus  = ids.getIdSku();\n    let idrestord = [];\n    res.body.length.should.be.eql(myrestocks.length);\n    for(let i = 0; i<res.body.length; i++){\n        idrestord[i] = res.body[i].id;\n        res.body[i].issueDate.should.equal(myrestocks[i].issueDate);\n        res.body[i].supplierId.should.equal(idsupp[myrestocks[i].supplierId]);\n        for(let j = 0; j<res.body[i].products.length; j++){\n            res.body[i].products[j].SKUId.should.equal(idskus[myrestocks[i].products[j].SKUId]);\n            res.body[i].products[j].itemId.should.equal(myrestocks[i].products[j].itemId);\n            res.body[i].products[j].description.should.equal(myrestocks[i].products[j].description);\n            res.body[i].products[j].price.should.equal(myrestocks[i].products[j].price);\n            res.body[i].products[j].qty.should.equal(myrestocks[i].products[j].qty);\n        }\n    }\n    ids.setIdRestockOrders(idrestord);\n    done();\n}).catch(err=>done(err));",
                  "err": {},
                  "uuid": "093a4726-e5d0-413e-bb7c-f50119189ddc",
                  "parentUUID": "2ba27715-b110-472a-b290-7c784a3af576",
                  "isHook": false,
                  "skipped": false
                }
              ],
              "suites": [],
              "passes": [
                "093a4726-e5d0-413e-bb7c-f50119189ddc"
              ],
              "failures": [],
              "pending": [],
              "skipped": [],
              "duration": 3,
              "root": false,
              "rootEmpty": false,
              "_timeout": 30000
            },
            {
              "uuid": "475ca644-b8ff-4369-9798-32e3511add6a",
              "title": "removing all skuitems",
              "fullFile": "C:\\Users\\Moyne\\Desktop\\polito\\EzWh\\code\\server\\acceptanceTest\\testEzWhAPI.js",
              "file": "\\acceptanceTest\\testEzWhAPI.js",
              "beforeHooks": [],
              "afterHooks": [],
              "tests": [
                {
                  "title": "Getting SKUitems",
                  "fullTitle": "Test CR1 RestockOrder removing all skuitems Getting SKUitems",
                  "timedOut": false,
                  "duration": 3,
                  "state": "passed",
                  "speed": "fast",
                  "pass": true,
                  "fail": false,
                  "pending": false,
                  "context": null,
                  "code": "const res = await agent.get('/api/skuitems');\nconsole.log(res.body);\nres.should.have.status(200);\nif (res.body.length !==0) {\n    let res2;\n    for (let i = 0; i < res.body.length; i++) {\n        res2 = await\n        agent.delete('/api/skuitems/'+res.body[i].RFID);\n        res2.should.have.status(204);\n        console.log(\"Deleted \"+ res.body[i].RFID);\n    }\n}\nconsole.log(\"done!\");",
                  "err": {},
                  "uuid": "40d49f43-f615-4d16-b7dc-96ee600c1bb9",
                  "parentUUID": "475ca644-b8ff-4369-9798-32e3511add6a",
                  "isHook": false,
                  "skipped": false
                }
              ],
              "suites": [],
              "passes": [
                "40d49f43-f615-4d16-b7dc-96ee600c1bb9"
              ],
              "failures": [],
              "pending": [],
              "skipped": [],
              "duration": 3,
              "root": false,
              "rootEmpty": false,
              "_timeout": 30000
            },
            {
              "uuid": "166b9d51-0566-4f4d-b728-6a1ba4285e37",
              "title": "get /api/skuitems",
              "fullFile": "C:\\Users\\Moyne\\Desktop\\polito\\EzWh\\code\\server\\acceptanceTest\\testEzWhAPI.js",
              "file": "\\acceptanceTest\\testEzWhAPI.js",
              "beforeHooks": [],
              "afterHooks": [],
              "tests": [
                {
                  "title": "Getting SKUitems",
                  "fullTitle": "Test CR1 RestockOrder get /api/skuitems Getting SKUitems",
                  "timedOut": false,
                  "duration": 3,
                  "state": "passed",
                  "speed": "fast",
                  "pass": true,
                  "fail": false,
                  "pending": false,
                  "context": null,
                  "code": "agent.get('/api/skuitems')\n.then(function (res) {\n    console.log(res.body[0]);\n    res.should.have.status(expCode);\n    res.body.should.be.a('array');\n    res.body.length.should.be.equal(size);\n    let idSKUs = ids.getIdSku();\n    for (let i = 0; i < size; i++) {\n        res.body[i].RFID.should.equal(skuitems[i].RFID);\n        res.body[i].SKUId.should.equal(idSKUs[skuitems[i].SKUId]);\n        res.body[i].DateOfStock.should.equal(skuitems[i].DateOfStock);\n        if(skuitems[i].Available !== undefined){\n            res.body[i].Available.should.equal(skuitems[i].Available);\n            //console.log('null');\n        }\n    }\n    \n    done();                \n}).catch(err=>done(err));",
                  "err": {},
                  "uuid": "4905af30-f1a3-4c61-9a01-6c6813b3a1a1",
                  "parentUUID": "166b9d51-0566-4f4d-b728-6a1ba4285e37",
                  "isHook": false,
                  "skipped": false
                }
              ],
              "suites": [],
              "passes": [
                "4905af30-f1a3-4c61-9a01-6c6813b3a1a1"
              ],
              "failures": [],
              "pending": [],
              "skipped": [],
              "duration": 3,
              "root": false,
              "rootEmpty": false,
              "_timeout": 30000
            },
            {
              "uuid": "2662bd6a-7f08-47e7-a118-38c99aa73e12",
              "title": "removing all skus",
              "fullFile": "C:\\Users\\Moyne\\Desktop\\polito\\EzWh\\code\\server\\acceptanceTest\\testEzWhAPI.js",
              "file": "\\acceptanceTest\\testEzWhAPI.js",
              "beforeHooks": [],
              "afterHooks": [],
              "tests": [
                {
                  "title": "Getting SKUs",
                  "fullTitle": "Test CR1 RestockOrder removing all skus Getting SKUs",
                  "timedOut": false,
                  "duration": 2,
                  "state": "passed",
                  "speed": "fast",
                  "pass": true,
                  "fail": false,
                  "pending": false,
                  "context": null,
                  "code": "const res = await agent.get('/api/skus');\nconsole.log(res.body);\nres.should.have.status(200);\nif (res.body.length !==0) {\n    let res2;\n    for (let i = 0; i < res.body.length; i++) {\n        res2 = await\n        agent.delete('/api/skus/'+res.body[i].id);\n        res2.should.have.status(204);\n        console.log(\"Deleted \"+ res.body[i].id);\n    }\n} \nconsole.log(\"done!\");",
                  "err": {},
                  "uuid": "70553f28-1f80-423f-9d30-794ff6ce55f7",
                  "parentUUID": "2662bd6a-7f08-47e7-a118-38c99aa73e12",
                  "isHook": false,
                  "skipped": false
                }
              ],
              "suites": [],
              "passes": [
                "70553f28-1f80-423f-9d30-794ff6ce55f7"
              ],
              "failures": [],
              "pending": [],
              "skipped": [],
              "duration": 2,
              "root": false,
              "rootEmpty": false,
              "_timeout": 30000
            },
            {
              "uuid": "780e0c82-f775-4863-90e7-e5b7a977627f",
              "title": "get /api/skus",
              "fullFile": "C:\\Users\\Moyne\\Desktop\\polito\\EzWh\\code\\server\\acceptanceTest\\testEzWhAPI.js",
              "file": "\\acceptanceTest\\testEzWhAPI.js",
              "beforeHooks": [],
              "afterHooks": [],
              "tests": [
                {
                  "title": "FR 2.3 -> List all SKUs",
                  "fullTitle": "Test CR1 RestockOrder get /api/skus FR 2.3 -> List all SKUs",
                  "timedOut": false,
                  "duration": 3,
                  "state": "passed",
                  "speed": "fast",
                  "pass": true,
                  "fail": false,
                  "pending": false,
                  "context": null,
                  "code": "agent.get('/api/skus')\n.then(function (res) {\n    res.should.have.status(expCode);\n    res.body.should.be.a('array');\n    res.body.length.should.be.eql(size);\n    let id = [];\n    if (size > 0) {\n        for (let i = 0; i < size; i++) {\n            id[i] = res.body[i].id;\n            res.body[i].description.should.equal(sku[i].description);\n            res.body[i].weight.should.equal(sku[i].weight);\n            res.body[i].volume.should.equal(sku[i].volume);\n            res.body[i].notes.should.equal(sku[i].notes);\n            res.body[i].availableQuantity.should.equal(sku[i].availableQuantity);\n            res.body[i].price.should.equal(sku[i].price);\n        }\n        ids.setIdSku(id);\n    }             \n    done();\n}).catch(err=>done(err));",
                  "err": {},
                  "uuid": "d79f170d-a69c-40e2-97ac-407dd1fa4083",
                  "parentUUID": "780e0c82-f775-4863-90e7-e5b7a977627f",
                  "isHook": false,
                  "skipped": false
                }
              ],
              "suites": [],
              "passes": [
                "d79f170d-a69c-40e2-97ac-407dd1fa4083"
              ],
              "failures": [],
              "pending": [],
              "skipped": [],
              "duration": 3,
              "root": false,
              "rootEmpty": false,
              "_timeout": 30000
            },
            {
              "uuid": "68eec157-d036-43d4-ad0d-9af46db39238",
              "title": " Delete all not manager",
              "fullFile": "C:\\Users\\Moyne\\Desktop\\polito\\EzWh\\code\\server\\acceptanceTest\\testEzWhAPI.js",
              "file": "\\acceptanceTest\\testEzWhAPI.js",
              "beforeHooks": [],
              "afterHooks": [],
              "tests": [
                {
                  "title": "Cleaning db user util",
                  "fullTitle": "Test CR1 RestockOrder  Delete all not manager Cleaning db user util",
                  "timedOut": false,
                  "duration": 19,
                  "state": "passed",
                  "speed": "fast",
                  "pass": true,
                  "fail": false,
                  "pending": false,
                  "context": null,
                  "code": "const res = await agent.get('/api/users');\nconsole.log(res.body);\nres.should.have.status(200);\nif (res.body.length !==0) {\n    let res2;\n    for(let i=0; i<res.body.length; i++){\n        console.log(res.body[i].email);\n        res2 = await\n        agent.delete('/api/users/'+res.body[i].email+'/'+res.body[i].type);\n        console.log(res2.body);\n        res2.should.have.status(204);\n        console.log(\"Deleted \"+ res.body[i].email);                    \n    }                \n}\nconsole.log(\"done!\");",
                  "err": {},
                  "uuid": "e631cf8c-0c63-49f4-9dc2-f9b65ad159a8",
                  "parentUUID": "68eec157-d036-43d4-ad0d-9af46db39238",
                  "isHook": false,
                  "skipped": false
                }
              ],
              "suites": [],
              "passes": [
                "e631cf8c-0c63-49f4-9dc2-f9b65ad159a8"
              ],
              "failures": [],
              "pending": [],
              "skipped": [],
              "duration": 19,
              "root": false,
              "rootEmpty": false,
              "_timeout": 30000
            },
            {
              "uuid": "975060df-86a3-4132-a69e-b5663af1724c",
              "title": "post /api/sku/",
              "fullFile": "C:\\Users\\Moyne\\Desktop\\polito\\EzWh\\code\\server\\acceptanceTest\\testEzWhAPI.js",
              "file": "\\acceptanceTest\\testEzWhAPI.js",
              "beforeHooks": [],
              "afterHooks": [],
              "tests": [
                {
                  "title": "FR 2.1 a -> Define a new SKU",
                  "fullTitle": "Test CR1 RestockOrder post /api/sku/ FR 2.1 a -> Define a new SKU",
                  "timedOut": false,
                  "duration": 9,
                  "state": "passed",
                  "speed": "fast",
                  "pass": true,
                  "fail": false,
                  "pending": false,
                  "context": null,
                  "code": "agent.post('/api/sku/')\n.send(thesku)\n.then(function (res) {\n    res.should.have.status(expCode);\n    done();\n}).catch(err=>done(err));",
                  "err": {},
                  "uuid": "da57e35d-d7fa-4b14-8adb-fb12efda7c2b",
                  "parentUUID": "975060df-86a3-4132-a69e-b5663af1724c",
                  "isHook": false,
                  "skipped": false
                }
              ],
              "suites": [],
              "passes": [
                "da57e35d-d7fa-4b14-8adb-fb12efda7c2b"
              ],
              "failures": [],
              "pending": [],
              "skipped": [],
              "duration": 9,
              "root": false,
              "rootEmpty": false,
              "_timeout": 30000
            },
            {
              "uuid": "2f19e0b6-4289-4de3-a275-6b16ce42266b",
              "title": "post /api/sku/",
              "fullFile": "C:\\Users\\Moyne\\Desktop\\polito\\EzWh\\code\\server\\acceptanceTest\\testEzWhAPI.js",
              "file": "\\acceptanceTest\\testEzWhAPI.js",
              "beforeHooks": [],
              "afterHooks": [],
              "tests": [
                {
                  "title": "FR 2.1 a -> Define a new SKU",
                  "fullTitle": "Test CR1 RestockOrder post /api/sku/ FR 2.1 a -> Define a new SKU",
                  "timedOut": false,
                  "duration": 7,
                  "state": "passed",
                  "speed": "fast",
                  "pass": true,
                  "fail": false,
                  "pending": false,
                  "context": null,
                  "code": "agent.post('/api/sku/')\n.send(thesku)\n.then(function (res) {\n    res.should.have.status(expCode);\n    done();\n}).catch(err=>done(err));",
                  "err": {},
                  "uuid": "1fa46294-5583-46a7-8274-bcda31acf2ed",
                  "parentUUID": "2f19e0b6-4289-4de3-a275-6b16ce42266b",
                  "isHook": false,
                  "skipped": false
                }
              ],
              "suites": [],
              "passes": [
                "1fa46294-5583-46a7-8274-bcda31acf2ed"
              ],
              "failures": [],
              "pending": [],
              "skipped": [],
              "duration": 7,
              "root": false,
              "rootEmpty": false,
              "_timeout": 30000
            },
            {
              "uuid": "1a4a8a6a-7d92-4e5f-b00d-96f24ecf3d61",
              "title": "get /api/skus",
              "fullFile": "C:\\Users\\Moyne\\Desktop\\polito\\EzWh\\code\\server\\acceptanceTest\\testEzWhAPI.js",
              "file": "\\acceptanceTest\\testEzWhAPI.js",
              "beforeHooks": [],
              "afterHooks": [],
              "tests": [
                {
                  "title": "FR 2.3 -> List all SKUs",
                  "fullTitle": "Test CR1 RestockOrder get /api/skus FR 2.3 -> List all SKUs",
                  "timedOut": false,
                  "duration": 3,
                  "state": "passed",
                  "speed": "fast",
                  "pass": true,
                  "fail": false,
                  "pending": false,
                  "context": null,
                  "code": "agent.get('/api/skus')\n.then(function (res) {\n    res.should.have.status(expCode);\n    res.body.should.be.a('array');\n    res.body.length.should.be.eql(size);\n    let id = [];\n    if (size > 0) {\n        for (let i = 0; i < size; i++) {\n            id[i] = res.body[i].id;\n            res.body[i].description.should.equal(sku[i].description);\n            res.body[i].weight.should.equal(sku[i].weight);\n            res.body[i].volume.should.equal(sku[i].volume);\n            res.body[i].notes.should.equal(sku[i].notes);\n            res.body[i].availableQuantity.should.equal(sku[i].availableQuantity);\n            res.body[i].price.should.equal(sku[i].price);\n        }\n        ids.setIdSku(id);\n    }             \n    done();\n}).catch(err=>done(err));",
                  "err": {},
                  "uuid": "10525ade-d67a-4164-88f3-52d4f98ef127",
                  "parentUUID": "1a4a8a6a-7d92-4e5f-b00d-96f24ecf3d61",
                  "isHook": false,
                  "skipped": false
                }
              ],
              "suites": [],
              "passes": [
                "10525ade-d67a-4164-88f3-52d4f98ef127"
              ],
              "failures": [],
              "pending": [],
              "skipped": [],
              "duration": 3,
              "root": false,
              "rootEmpty": false,
              "_timeout": 30000
            },
            {
              "uuid": "d7b74292-ccfb-4e9e-9bcd-d249b2fd0862",
              "title": " post /api/newUser",
              "fullFile": "C:\\Users\\Moyne\\Desktop\\polito\\EzWh\\code\\server\\acceptanceTest\\testEzWhAPI.js",
              "file": "\\acceptanceTest\\testEzWhAPI.js",
              "beforeHooks": [],
              "afterHooks": [],
              "tests": [
                {
                  "title": "FR 1.1 a -> Define a new user",
                  "fullTitle": "Test CR1 RestockOrder  post /api/newUser FR 1.1 a -> Define a new user",
                  "timedOut": false,
                  "duration": 38,
                  "state": "passed",
                  "speed": "medium",
                  "pass": true,
                  "fail": false,
                  "pending": false,
                  "context": null,
                  "code": "agent.post('/api/newUser')\n.send(myuser)\n.then(function(res){\n    res.should.have.status(expCode);\n    done();\n}).catch(err=>done(err));",
                  "err": {},
                  "uuid": "e4c87f1b-a464-4b92-94b1-fd6de6106ece",
                  "parentUUID": "d7b74292-ccfb-4e9e-9bcd-d249b2fd0862",
                  "isHook": false,
                  "skipped": false
                }
              ],
              "suites": [],
              "passes": [
                "e4c87f1b-a464-4b92-94b1-fd6de6106ece"
              ],
              "failures": [],
              "pending": [],
              "skipped": [],
              "duration": 38,
              "root": false,
              "rootEmpty": false,
              "_timeout": 30000
            },
            {
              "uuid": "2a8c93a6-b48e-40d6-abcf-7d574c8ab338",
              "title": " post /api/newUser",
              "fullFile": "C:\\Users\\Moyne\\Desktop\\polito\\EzWh\\code\\server\\acceptanceTest\\testEzWhAPI.js",
              "file": "\\acceptanceTest\\testEzWhAPI.js",
              "beforeHooks": [],
              "afterHooks": [],
              "tests": [
                {
                  "title": "FR 1.1 a -> Define a new user",
                  "fullTitle": "Test CR1 RestockOrder  post /api/newUser FR 1.1 a -> Define a new user",
                  "timedOut": false,
                  "duration": 30,
                  "state": "passed",
                  "speed": "fast",
                  "pass": true,
                  "fail": false,
                  "pending": false,
                  "context": null,
                  "code": "agent.post('/api/newUser')\n.send(myuser)\n.then(function(res){\n    res.should.have.status(expCode);\n    done();\n}).catch(err=>done(err));",
                  "err": {},
                  "uuid": "c20a16b2-be8d-432f-80ed-1704f9b1fcca",
                  "parentUUID": "2a8c93a6-b48e-40d6-abcf-7d574c8ab338",
                  "isHook": false,
                  "skipped": false
                }
              ],
              "suites": [],
              "passes": [
                "c20a16b2-be8d-432f-80ed-1704f9b1fcca"
              ],
              "failures": [],
              "pending": [],
              "skipped": [],
              "duration": 30,
              "root": false,
              "rootEmpty": false,
              "_timeout": 30000
            },
            {
              "uuid": "b46f6acc-aca8-4b9c-9f65-6a16e890d4fe",
              "title": "post /api/skuitem/",
              "fullFile": "C:\\Users\\Moyne\\Desktop\\polito\\EzWh\\code\\server\\acceptanceTest\\testEzWhAPI.js",
              "file": "\\acceptanceTest\\testEzWhAPI.js",
              "beforeHooks": [],
              "afterHooks": [],
              "tests": [
                {
                  "title": "Adding skuitem details",
                  "fullTitle": "Test CR1 RestockOrder post /api/skuitem/ Adding skuitem details",
                  "timedOut": false,
                  "duration": 11,
                  "state": "passed",
                  "speed": "fast",
                  "pass": true,
                  "fail": false,
                  "pending": false,
                  "context": null,
                  "code": "let id = ids.getIdSku();\nlet skuitem;\nif(myskuitem.SKUId > id.length || myskuitem.SKUId === null){\n    skuitem = newSkuItem(myskuitem.RFID, myskuitem.SKUId , myskuitem.DateOfStock); \n}\nelse{\n    skuitem = newSkuItem(myskuitem.RFID, id[myskuitem.SKUId] , myskuitem.DateOfStock);\n}\nagent.post('/api/skuitem/')\n.send(skuitem)\n.then(function (res) {\n    res.should.have.status(expCode);\n    done();\n}).catch(err=>done(err));",
                  "err": {},
                  "uuid": "4b9bbb9c-ccb0-42a5-946f-cd934ea52cca",
                  "parentUUID": "b46f6acc-aca8-4b9c-9f65-6a16e890d4fe",
                  "isHook": false,
                  "skipped": false
                }
              ],
              "suites": [],
              "passes": [
                "4b9bbb9c-ccb0-42a5-946f-cd934ea52cca"
              ],
              "failures": [],
              "pending": [],
              "skipped": [],
              "duration": 11,
              "root": false,
              "rootEmpty": false,
              "_timeout": 30000
            },
            {
              "uuid": "d23a9a5d-412d-4b25-918f-9a35eb6aa7c9",
              "title": "post /api/skuitem/",
              "fullFile": "C:\\Users\\Moyne\\Desktop\\polito\\EzWh\\code\\server\\acceptanceTest\\testEzWhAPI.js",
              "file": "\\acceptanceTest\\testEzWhAPI.js",
              "beforeHooks": [],
              "afterHooks": [],
              "tests": [
                {
                  "title": "Adding skuitem details",
                  "fullTitle": "Test CR1 RestockOrder post /api/skuitem/ Adding skuitem details",
                  "timedOut": false,
                  "duration": 8,
                  "state": "passed",
                  "speed": "fast",
                  "pass": true,
                  "fail": false,
                  "pending": false,
                  "context": null,
                  "code": "let id = ids.getIdSku();\nlet skuitem;\nif(myskuitem.SKUId > id.length || myskuitem.SKUId === null){\n    skuitem = newSkuItem(myskuitem.RFID, myskuitem.SKUId , myskuitem.DateOfStock); \n}\nelse{\n    skuitem = newSkuItem(myskuitem.RFID, id[myskuitem.SKUId] , myskuitem.DateOfStock);\n}\nagent.post('/api/skuitem/')\n.send(skuitem)\n.then(function (res) {\n    res.should.have.status(expCode);\n    done();\n}).catch(err=>done(err));",
                  "err": {},
                  "uuid": "ff147fca-8c92-493c-9db8-1a00f1e882cb",
                  "parentUUID": "d23a9a5d-412d-4b25-918f-9a35eb6aa7c9",
                  "isHook": false,
                  "skipped": false
                }
              ],
              "suites": [],
              "passes": [
                "ff147fca-8c92-493c-9db8-1a00f1e882cb"
              ],
              "failures": [],
              "pending": [],
              "skipped": [],
              "duration": 8,
              "root": false,
              "rootEmpty": false,
              "_timeout": 30000
            },
            {
              "uuid": "1e406780-98aa-451d-b4bb-05e396c0ed9d",
              "title": " get /api/suppliers",
              "fullFile": "C:\\Users\\Moyne\\Desktop\\polito\\EzWh\\code\\server\\acceptanceTest\\testEzWhAPI.js",
              "file": "\\acceptanceTest\\testEzWhAPI.js",
              "beforeHooks": [],
              "afterHooks": [],
              "tests": [
                {
                  "title": " get all suppliers",
                  "fullTitle": "Test CR1 RestockOrder  get /api/suppliers  get all suppliers",
                  "timedOut": false,
                  "duration": 2,
                  "state": "passed",
                  "speed": "fast",
                  "pass": true,
                  "fail": false,
                  "pending": false,
                  "context": null,
                  "code": "let idsupp = [];\nagent.get('/api/suppliers')\n.then(function(res){\n    for(let i=0; i<res.body.length; i++){\n        idsupp[i] = res.body[i].id;\n    }\n    ids.setIdSuppliers(idsupp);\n    //console.log(res.body);\n    done();\n}).catch(err=>done(err));",
                  "err": {},
                  "uuid": "0b68461e-a6cb-4e42-8ba0-05bf60e512c7",
                  "parentUUID": "1e406780-98aa-451d-b4bb-05e396c0ed9d",
                  "isHook": false,
                  "skipped": false
                }
              ],
              "suites": [],
              "passes": [
                "0b68461e-a6cb-4e42-8ba0-05bf60e512c7"
              ],
              "failures": [],
              "pending": [],
              "skipped": [],
              "duration": 2,
              "root": false,
              "rootEmpty": false,
              "_timeout": 30000
            },
            {
              "uuid": "39557acb-a9ed-4832-90d1-e995cb5da06c",
              "title": "Removing all Items",
              "fullFile": "C:\\Users\\Moyne\\Desktop\\polito\\EzWh\\code\\server\\acceptanceTest\\testEzWhAPI.js",
              "file": "\\acceptanceTest\\testEzWhAPI.js",
              "beforeHooks": [],
              "afterHooks": [],
              "tests": [
                {
                  "title": "get /api/items/",
                  "fullTitle": "Test CR1 RestockOrder Removing all Items get /api/items/",
                  "timedOut": false,
                  "duration": 3,
                  "state": "passed",
                  "speed": "fast",
                  "pass": true,
                  "fail": false,
                  "pending": false,
                  "context": null,
                  "code": "const res = await agent.get('/api/items');\nconsole.log(res.body);\nres.should.have.status(200);\nif(res.body.length !==0) {\n    let res2;\n    for (let i = 0; i< res.body.length; i++){\n        res2 = await\n        agent.delete('/api/items/'+res.body[i].id+'/'+res.body[i].supplierId);\n        res2.should.have.status(204);\n        console.log(\"Deleted \" + res.body[i].id + \" by supplier \"+ res.body[i].supplierId);\n    }\n}",
                  "err": {},
                  "uuid": "b08c444a-356e-47c4-a285-bdf200560954",
                  "parentUUID": "39557acb-a9ed-4832-90d1-e995cb5da06c",
                  "isHook": false,
                  "skipped": false
                }
              ],
              "suites": [],
              "passes": [
                "b08c444a-356e-47c4-a285-bdf200560954"
              ],
              "failures": [],
              "pending": [],
              "skipped": [],
              "duration": 3,
              "root": false,
              "rootEmpty": false,
              "_timeout": 30000
            },
            {
              "uuid": "29943e60-2074-4b1a-a425-d4484ddff0c9",
              "title": "post /api/item/",
              "fullFile": "C:\\Users\\Moyne\\Desktop\\polito\\EzWh\\code\\server\\acceptanceTest\\testEzWhAPI.js",
              "file": "\\acceptanceTest\\testEzWhAPI.js",
              "beforeHooks": [],
              "afterHooks": [],
              "tests": [
                {
                  "title": "Adding item details",
                  "fullTitle": "Test CR1 RestockOrder post /api/item/ Adding item details",
                  "timedOut": false,
                  "duration": 9,
                  "state": "passed",
                  "speed": "fast",
                  "pass": true,
                  "fail": false,
                  "pending": false,
                  "context": null,
                  "code": "let idskus = ids.getIdSku();\nlet idsupp = ids.getIdSuppliers();\nlet currskuid;\nif(myitem.SKUId === null || myitem.SKUId > idskus.length){\n    currskuid = myitem.SKUId;\n}\nelse{\n    currskuid = idskus[myitem.SKUId]\n}\nlet currentItem = newItem(myitem.id, myitem.description, myitem.price, currskuid, idsupp[myitem.supplierId]);\nagent.post('/api/item')\n.send(currentItem)\n.then(res => {\n    //console.log(res);\n    assert.equal(res.status, expCode);\n    done();\n}).catch(err => done(err));",
                  "err": {},
                  "uuid": "965709cd-58ef-4e71-b998-d82278f4927d",
                  "parentUUID": "29943e60-2074-4b1a-a425-d4484ddff0c9",
                  "isHook": false,
[...]
                      "err": {
                        "message": "AssertionError: expected { Object (_events, _eventsCount, ...) } to have status code 200 but got 422",
                        "estack": "AssertionError: expected { Object (_events, _eventsCount, ...) } to have status code 200 but got 422\n    at C:\\Users\\Moyne\\Desktop\\polito\\EzWh\\code\\server\\acceptanceTest\\utils-new-restockorder.js:206:38\n    at runMicrotasks (<anonymous>)\n    at processTicksAndRejections (node:internal/process/task_queues:96:5)",
                        "diff": "- 422\n+ 200\n"
                      },
                      "uuid": "fc1befcb-d808-4359-bef7-d09d57a76c87",
                      "parentUUID": "d0ddeee6-3225-4c14-aa94-6c960b0b7627",
                      "isHook": false,
                      "skipped": false
                    }
                  ],
                  "suites": [],
                  "passes": [],
                  "failures": [
                    "fc1befcb-d808-4359-bef7-d09d57a76c87"
                  ],
                  "pending": [],
                  "skipped": [],
                  "duration": 11,
                  "root": false,
                  "rootEmpty": false,
                  "_timeout": 30000
                },
                {
                  "uuid": "e03e5a3b-056c-4419-a3da-9141b9cb71fd",
                  "title": " get /api/restockOrders",
                  "fullFile": "C:\\Users\\Moyne\\Desktop\\polito\\EzWh\\code\\server\\acceptanceTest\\testEzWhAPI.js",
                  "file": "\\acceptanceTest\\testEzWhAPI.js",
                  "beforeHooks": [],
                  "afterHooks": [],
                  "tests": [
                    {
                      "title": " get all restock orders",
                      "fullTitle": "Testing Change1 requirements Test CR1 ReturnOrder  get /api/restockOrders  get all restock orders",
                      "timedOut": false,
                      "duration": 4,
                      "state": "passed",
                      "speed": "fast",
                      "pass": true,
                      "fail": false,
                      "pending": false,
                      "context": null,
                      "code": "agent.get('/api/restockOrders')\n.then(function(res){\n    res.should.have.status(expCode);\n    res.body.should.be.a('array');\n    let idsupp = ids.getIdSuppliers();\n    let idskus  = ids.getIdSku();\n    let idrestord = [];\n    res.body.length.should.be.eql(myrestocks.length);\n    for(let i = 0; i<res.body.length; i++){\n        idrestord[i] = res.body[i].id;\n        res.body[i].issueDate.should.equal(myrestocks[i].issueDate);\n        res.body[i].supplierId.should.equal(idsupp[myrestocks[i].supplierId]);\n        for(let j = 0; j<res.body[i].products.length; j++){\n            res.body[i].products[j].SKUId.should.equal(idskus[myrestocks[i].products[j].SKUId]);\n            res.body[i].products[j].itemId.should.equal(myrestocks[i].products[j].itemId);\n            res.body[i].products[j].description.should.equal(myrestocks[i].products[j].description);\n            res.body[i].products[j].price.should.equal(myrestocks[i].products[j].price);\n            res.body[i].products[j].qty.should.equal(myrestocks[i].products[j].qty);\n        }\n    }\n    ids.setIdRestockOrders(idrestord);\n    done();\n}).catch(err=>done(err));",
                      "err": {},
                      "uuid": "cbfa644c-d0ec-4c04-83c5-75ca8b44e715",
                      "parentUUID": "e03e5a3b-056c-4419-a3da-9141b9cb71fd",
                      "isHook": false,
                      "skipped": false
                    }
                  ],
                  "suites": [],
                  "passes": [
                    "cbfa644c-d0ec-4c04-83c5-75ca8b44e715"
                  ],
                  "failures": [],
                  "pending": [],
                  "skipped": [],
                  "duration": 4,
                  "root": false,
                  "rootEmpty": false,
                  "_timeout": 30000
                },
                {
                  "uuid": "d8612eb2-4827-446f-9ad0-66b0a3cf01ba",
                  "title": " get /api/restockOrderIssued",
                  "fullFile": "C:\\Users\\Moyne\\Desktop\\polito\\EzWh\\code\\server\\acceptanceTest\\testEzWhAPI.js",
                  "file": "\\acceptanceTest\\testEzWhAPI.js",
                  "beforeHooks": [],
                  "afterHooks": [],
                  "tests": [
                    {
                      "title": " get all restock order issued",
                      "fullTitle": "Testing Change1 requirements Test CR1 ReturnOrder  get /api/restockOrderIssued  get all restock order issued",
                      "timedOut": false,
                      "duration": 4,
                      "state": "passed",
                      "speed": "fast",
                      "pass": true,
                      "fail": false,
                      "pending": false,
                      "context": null,
                      "code": "agent.get('/api/restockOrdersIssued')\n.then(function(res){\n    let idrestord = [];\n    res.should.have.status(expCode);\n    res.body.should.be.a('array');\n    for(let i = 0; i<res.body.length; i++){\n        idrestord[i] = res.body[i].id;\n        res.body[i].state.should.equal(\"ISSUED\");\n    }\n    ids.setIdRestockOrdersIssued(idrestord);\n    done();\n}).catch(err=>done(err));",
                      "err": {},
                      "uuid": "5dc61a98-7637-4d13-91ab-7cd417b2fa7a",
                      "parentUUID": "d8612eb2-4827-446f-9ad0-66b0a3cf01ba",
                      "isHook": false,
                      "skipped": false
                    }
                  ],
                  "suites": [],
                  "passes": [
                    "5dc61a98-7637-4d13-91ab-7cd417b2fa7a"
                  ],
                  "failures": [],
                  "pending": [],
                  "skipped": [],
                  "duration": 4,
                  "root": false,
                  "rootEmpty": false,
                  "_timeout": 30000
                },
                {
                  "uuid": "154d88e4-70a4-46d7-bbaf-f85850b2527a",
                  "title": " post /api/returnOrder",
                  "fullFile": "C:\\Users\\Moyne\\Desktop\\polito\\EzWh\\code\\server\\acceptanceTest\\testEzWhAPI.js",
                  "file": "\\acceptanceTest\\testEzWhAPI.js",
                  "beforeHooks": [],
                  "afterHooks": [],
                  "tests": [
                    {
                      "title": " Create a return order",
                      "fullTitle": "Testing Change1 requirements Test CR1 ReturnOrder  post /api/returnOrder  Create a return order",
                      "timedOut": false,
                      "duration": 11,
                      "state": "passed",
                      "speed": "fast",
                      "pass": true,
                      "fail": false,
                      "pending": false,
                      "context": null,
                      "code": "let idroid = ids.getIdRestockOrdersIssued();\nlet idskus = ids.getIdSku();\nlet currentProducts = [];\nlet currentProductswithrfid = [];\nlet restordid;\nif(myretord.restockOrderId === null || myretord.restockOrderId > idroid.length){\n    restordid = myretord.restockOrderId;\n}\nelse{\n    restordid = idroid[myretord.restockOrderId];\n}\nfor(let i=0; i<myretord.products.length ; i++){\n    currentProducts[i] = newrestockorders.newProduct(idskus[myretord.products[i].SKUId], myretord.products[i].itemId, myretord.products[i].description, myretord.products[i].price, myretord.products[i].qty );\n    currentProductswithrfid[i] = newProductwithRFID(currentProducts[i], myretord.products[i].RFID);\n}\nconsole.log(currentProducts);\nlet retord = newReturnOrder(myretord.returnDate, currentProductswithrfid, restordid);\nagent.post('/api/returnOrder')\n.send(retord)\n.then(function(res){\n    console.log(res.body);\n    console.log(retord);\n    res.should.have.status(expCode);\n    done();\n}).catch(err=>done(err));",
                      "err": {},
                      "uuid": "c1ef166b-fc24-4b60-8269-9c8a5897235e",
                      "parentUUID": "154d88e4-70a4-46d7-bbaf-f85850b2527a",
                      "isHook": false,
                      "skipped": false
                    }
                  ],
                  "suites": [],
                  "passes": [
                    "c1ef166b-fc24-4b60-8269-9c8a5897235e"
                  ],
                  "failures": [],
                  "pending": [],
                  "skipped": [],
                  "duration": 11,
                  "root": false,
                  "rootEmpty": false,
                  "_timeout": 30000
                },
                {
                  "uuid": "cabcac05-b99c-4ad3-aac8-7d377a525f00",
                  "title": " post /api/returnOrder",
                  "fullFile": "C:\\Users\\Moyne\\Desktop\\polito\\EzWh\\code\\server\\acceptanceTest\\testEzWhAPI.js",
                  "file": "\\acceptanceTest\\testEzWhAPI.js",
                  "beforeHooks": [],
                  "afterHooks": [],
                  "tests": [
                    {
                      "title": " Create a return order",
                      "fullTitle": "Testing Change1 requirements Test CR1 ReturnOrder  post /api/returnOrder  Create a return order",
                      "timedOut": false,
                      "duration": 4,
                      "state": "passed",
                      "speed": "fast",
                      "pass": true,
                      "fail": false,
                      "pending": false,
                      "context": null,
                      "code": "let idroid = ids.getIdRestockOrdersIssued();\nlet idskus = ids.getIdSku();\nlet currentProducts = [];\nlet currentProductswithrfid = [];\nlet restordid;\nif(myretord.restockOrderId === null || myretord.restockOrderId > idroid.length){\n    restordid = myretord.restockOrderId;\n}\nelse{\n    restordid = idroid[myretord.restockOrderId];\n}\nfor(let i=0; i<myretord.products.length ; i++){\n    currentProducts[i] = newrestockorders.newProduct(idskus[myretord.products[i].SKUId], myretord.products[i].itemId, myretord.products[i].description, myretord.products[i].price, myretord.products[i].qty );\n    currentProductswithrfid[i] = newProductwithRFID(currentProducts[i], myretord.products[i].RFID);\n}\nconsole.log(currentProducts);\nlet retord = newReturnOrder(myretord.returnDate, currentProductswithrfid, restordid);\nagent.post('/api/returnOrder')\n.send(retord)\n.then(function(res){\n    console.log(res.body);\n    console.log(retord);\n    res.should.have.status(expCode);\n    done();\n}).catch(err=>done(err));",
                      "err": {},
                      "uuid": "e52535fe-a1e1-42dd-b21f-4de83df6bc5e",
                      "parentUUID": "cabcac05-b99c-4ad3-aac8-7d377a525f00",
                      "isHook": false,
                      "skipped": false
                    }
                  ],
                  "suites": [],
                  "passes": [
                    "e52535fe-a1e1-42dd-b21f-4de83df6bc5e"
                  ],
                  "failures": [],
                  "pending": [],
                  "skipped": [],
                  "duration": 4,
                  "root": false,
                  "rootEmpty": false,
                  "_timeout": 30000
                },
                {
                  "uuid": "dec07ef7-fac4-4541-a6f5-1abf15a35943",
                  "title": " post /api/returnOrder",
                  "fullFile": "C:\\Users\\Moyne\\Desktop\\polito\\EzWh\\code\\server\\acceptanceTest\\testEzWhAPI.js",
                  "file": "\\acceptanceTest\\testEzWhAPI.js",
                  "beforeHooks": [],
                  "afterHooks": [],
                  "tests": [
                    {
                      "title": " Create a return order",
                      "fullTitle": "Testing Change1 requirements Test CR1 ReturnOrder  post /api/returnOrder  Create a return order",
                      "timedOut": false,
                      "duration": 3,
                      "state": "passed",
                      "speed": "fast",
                      "pass": true,
                      "fail": false,
                      "pending": false,
                      "context": null,
                      "code": "agent.post('/api/returnOrder')\n.send(myretord)\n.then(function(res){\n    //console.log(res);\n    //console.log(retord);\n    res.should.have.status(expCode);\n    done();\n}).catch(err=>done(err));",
                      "err": {},
                      "uuid": "1bed19fd-dafe-49fb-b1d0-566a93b74c2e",
                      "parentUUID": "dec07ef7-fac4-4541-a6f5-1abf15a35943",
                      "isHook": false,
                      "skipped": false
                    }
                  ],
                  "suites": [],
                  "passes": [
                    "1bed19fd-dafe-49fb-b1d0-566a93b74c2e"
                  ],
                  "failures": [],
                  "pending": [],
                  "skipped": [],
                  "duration": 3,
                  "root": false,
                  "rootEmpty": false,
                  "_timeout": 30000
                },
                {
                  "uuid": "8912044c-5a99-43a0-9df9-e9b17b1c529b",
                  "title": " get /api/returnOrders",
                  "fullFile": "C:\\Users\\Moyne\\Desktop\\polito\\EzWh\\code\\server\\acceptanceTest\\testEzWhAPI.js",
                  "file": "\\acceptanceTest\\testEzWhAPI.js",
                  "beforeHooks": [],
                  "afterHooks": [],
                  "tests": [
                    {
                      "title": " get all return orders",
                      "fullTitle": "Testing Change1 requirements Test CR1 ReturnOrder  get /api/returnOrders  get all return orders",
                      "timedOut": false,
                      "duration": 3,
                      "state": "passed",
                      "speed": "fast",
                      "pass": true,
                      "fail": false,
                      "pending": false,
                      "context": null,
                      "code": "agent.get('/api/returnOrders')\n.then(function(res){\n    //console.log(res.body);\n    res.should.have.status(expCode);\n    res.body.should.be.a('array');\n    let idrestockorders = ids.getIdRestockOrdersIssued();\n    let idretord = [];\n    let idskus  = ids.getIdSku();\n    res.body.length.should.be.eql(myretord.length);\n    for(let i = 0; i<res.body.length; i++){\n        idretord[i] = res.body[i].id;\n        res.body[i].returnDate.should.equal(myretord[i].returnDate);\n        res.body[i].restockOrderId.should.equal(idrestockorders[myretord[i].restockOrderId]);\n        for(let j = 0; j<res.body[i].products.length; j++){\n            res.body[i].products[j].SKUId.should.equal(idskus[myretord[i].products[j].SKUId]);\n            res.body[i].products[j].itemId.should.equal(myretord[i].products[j].itemId);\n            res.body[i].products[j].description.should.equal(myretord[i].products[j].description);\n            res.body[i].products[j].price.should.equal(myretord[i].products[j].price);\n            res.body[i].products[j].RFID.should.equal(myretord[i].products[j].RFID);\n        }\n    }\n    ids.setIdReturnOrders(idretord);\n    done();\n}).catch(err=>done(err));",
                      "err": {},
                      "uuid": "59f5fab1-573c-4d3c-b2fb-b6aa68790e6b",
                      "parentUUID": "8912044c-5a99-43a0-9df9-e9b17b1c529b",
                      "isHook": false,
                      "skipped": false
                    }
                  ],
                  "suites": [],
                  "passes": [
                    "59f5fab1-573c-4d3c-b2fb-b6aa68790e6b"
                  ],
                  "failures": [],
                  "pending": [],
                  "skipped": [],
                  "duration": 3,
                  "root": false,
                  "rootEmpty": false,
                  "_timeout": 30000
                },
                {
                  "uuid": "6fdf04d7-a7d4-4a58-8a67-332cdce4f9f5",
                  "title": " get /api/returnOrders/:id",
                  "fullFile": "C:\\Users\\Moyne\\Desktop\\polito\\EzWh\\code\\server\\acceptanceTest\\testEzWhAPI.js",
                  "file": "\\acceptanceTest\\testEzWhAPI.js",
                  "beforeHooks": [],
                  "afterHooks": [],
                  "tests": [
                    {
                      "title": " get return order by id",
                      "fullTitle": "Testing Change1 requirements Test CR1 ReturnOrder  get /api/returnOrders/:id  get return order by id",
                      "timedOut": false,
                      "duration": 2,
                      "state": "passed",
                      "speed": "fast",
                      "pass": true,
                      "fail": false,
                      "pending": false,
                      "context": null,
                      "code": "let idsret = ids.getIdReturnOrders();\nlet idskus  = ids.getIdSku();\n//console.log(idsret[id]);\nagent.get('/api/returnOrders/'+idsret[id])\n.then(function(res){\n    res.should.have.status(expCode);\n    res.body.returnDate.should.equal(myretord.returnDate);\n    for(let j = 0; j < res.body.products.length; j++){\n        res.body.products[j].SKUId.should.equal(idskus[myretord.products[j].SKUId]);\n        res.body.products[j].itemId.should.equal(myretord.products[j].itemId);\n        res.body.products[j].description.should.equal(myretord.products[j].description);\n        res.body.products[j].price.should.equal(myretord.products[j].price);\n        res.body.products[j].RFID.should.equal(myretord.products[j].RFID);\n    }\n    done();\n}).catch(err=>done(err));",
                      "err": {},
                      "uuid": "baac686a-0127-4a45-98bf-d806d5acc95c",
                      "parentUUID": "6fdf04d7-a7d4-4a58-8a67-332cdce4f9f5",
                      "isHook": false,
                      "skipped": false
                    }
                  ],
                  "suites": [],
                  "passes": [
                    "baac686a-0127-4a45-98bf-d806d5acc95c"
                  ],
                  "failures": [],
                  "pending": [],
                  "skipped": [],
                  "duration": 2,
                  "root": false,
                  "rootEmpty": false,
                  "_timeout": 30000
                }
              ],
              "passes": [],
              "failures": [],
              "pending": [],
              "skipped": [],
              "duration": 0,
              "root": false,
              "rootEmpty": false,
              "_timeout": 30000
            }
          ],
          "passes": [],
          "failures": [],
          "pending": [],
          "skipped": [],
          "duration": 0,
          "root": false,
          "rootEmpty": false,
          "_timeout": 30000
        }
      ],
      "passes": [],
      "failures": [],
      "pending": [],
      "skipped": [],
      "duration": 0,
      "root": true,
      "rootEmpty": true,
      "_timeout": 30000
    }
  ],
  "meta": {
    "mocha": {
      "version": "9.2.2"
    },
    "mochawesome": {
      "options": {
        "quiet": false,
        "reportFilename": "mochawesome",
        "saveHtml": true,
        "saveJson": true,
        "consoleReporter": "spec",
        "useInlineDiffs": false,
        "code": true
      },
      "version": "7.1.3"
    },
    "marge": {
      "options": null,
      "version": "6.2.0"
    }
  }
}